[2025-03-01 22:08:46,115 ] 1025 httpx - INFO - HTTP Request: GET https://dagshub.com/api/v1/user "HTTP/1.1 200 OK"
[2025-03-01 22:08:46,126 ] 107 dagshub - INFO - Accessing as akbarsheikh27012701
[2025-03-01 22:08:47,115 ] 1025 httpx - INFO - HTTP Request: GET https://dagshub.com/api/v1/repos/akbarsheikh27012701/Network_Security "HTTP/1.1 200 OK"
[2025-03-01 22:08:47,575 ] 1025 httpx - INFO - HTTP Request: GET https://dagshub.com/api/v1/user "HTTP/1.1 200 OK"
[2025-03-01 22:08:47,576 ] 107 dagshub - INFO - Initialized MLflow to track repo "akbarsheikh27012701/Network_Security"
[2025-03-01 22:08:47,579 ] 107 dagshub - INFO - Repository akbarsheikh27012701/Network_Security initialized!
[2025-03-01 22:09:00,706 ] 39 root - INFO - Start data Ingestion
[2025-03-01 22:09:09,521 ] 65 root - INFO - Performed train test split on the dataframe
[2025-03-01 22:09:09,521 ] 67 root - INFO - Exited split_data_as_train_test method of Data_Ingestion class
[2025-03-01 22:09:09,521 ] 75 root - INFO - Exporting train and test file path.
[2025-03-01 22:09:09,586 ] 84 root - INFO - Exported train and test file path.
[2025-03-01 22:09:09,586 ] 42 root - INFO - Data Ingestion completed and artifact: DataIngestionArtifact(trained_file_path='Artifacts\\03_01_2025_22_08_33\\data_ingestion\\ingested\\train.csv', test_file_path='Artifacts\\03_01_2025_22_08_33\\data_ingestion\\ingested\\test.csv')
[2025-03-01 22:09:09,606 ] 52 root - INFO - Initiate the data Validation
[2025-03-01 22:09:09,664 ] 32 root - INFO - Required number of columns:2
[2025-03-01 22:09:09,664 ] 33 root - INFO - Data frame has columns:31
[2025-03-01 22:09:09,664 ] 32 root - INFO - Required number of columns:2
[2025-03-01 22:09:09,664 ] 33 root - INFO - Data frame has columns:31
[2025-03-01 22:09:09,869 ] 63 root - INFO - Entered initiate_data_transformation method of DataTransformation class
[2025-03-01 22:09:09,870 ] 65 root - INFO - Starting data transformation
[2025-03-01 22:09:09,888 ] 48 root - INFO - Entered get_data_trnasformer_object method of Trnasformation class
[2025-03-01 22:09:09,888 ] 53 root - INFO - Initialise KNNImputer with {'missing_values': nan, 'n_neighbors': 3, 'weights': 'uniform'}
[2025-03-01 22:09:09,974 ] 48 root - INFO - Entered the save_object method of MainUtils class
[2025-03-01 22:09:10,000 ] 52 root - INFO - Exited the save_object method of MainUtils class
[2025-03-01 22:09:10,000 ] 48 root - INFO - Entered the save_object method of MainUtils class
[2025-03-01 22:09:10,017 ] 52 root - INFO - Exited the save_object method of MainUtils class
[2025-03-01 22:12:43,428 ] 48 root - INFO - Entered the save_object method of MainUtils class
[2025-03-01 22:12:43,428 ] 52 root - INFO - Exited the save_object method of MainUtils class
[2025-03-01 22:12:43,428 ] 48 root - INFO - Entered the save_object method of MainUtils class
[2025-03-01 22:12:43,432 ] 52 root - INFO - Exited the save_object method of MainUtils class
[2025-03-01 22:12:43,432 ] 130 root - INFO - Model trainer artifact: ModelTrainerArtifact(trained_model_file_path='Artifacts\\03_01_2025_22_08_33\\model_trainer\\trained_model\\model.pkl', train_metric_artifact=ClassificationMetricArtifact(f1_score=0.9916835699797161, precision_score=0.9890754602468137, recall_score=0.9943054708155379), test_metric_artifact=ClassificationMetricArtifact(f1_score=0.9763337344564781, precision_score=0.9712689545091779, recall_score=0.9814516129032258))
